<?xml version="1.0" encoding="UTF-8"?>
<!-- Generated by org.testng.reporters.JUnitReportReporter -->
<testsuite hostname="DESKTOP-U5B1BD3" failures="0" tests="1" name="Assuredclass.day3cookie_header" time="4.783" errors="0" timestamp="2023-04-18T18:53:00 IST" skipped="0">
  <testcase classname="Assuredclass.day3cookie_header" name="cookies_info" time="4.783"/>
  <system-out/>
</testsuite> <!-- Assuredclass.day3cookie_header -->
