<?xml version="1.0" encoding="UTF-8"?>
<!-- Generated by org.testng.reporters.JUnitReportReporter -->
<testsuite hostname="DESKTOP-U5B1BD3" failures="0" tests="1" name="Assuredclass.day3" time="12.075" errors="0" timestamp="2023-04-18T18:04:27 IST" skipped="0">
  <testcase classname="Assuredclass.day3" name="query_path_parameter" time="12.075"/>
  <system-out/>
</testsuite> <!-- Assuredclass.day3 -->
