<?xml version="1.0" encoding="UTF-8"?>
<!-- Generated by org.testng.reporters.JUnitReportReporter -->
<testsuite hostname="DESKTOP-U5B1BD3" failures="0" tests="1" name="Assuredclass.first" time="10.429" errors="0" timestamp="2023-04-06T18:07:45 IST" skipped="0">
  <testcase classname="Assuredclass.first" name="firstrequest" time="10.429"/>
  <system-out/>
</testsuite> <!-- Assuredclass.first -->
