<?xml version="1.0" encoding="UTF-8"?>
<!-- Generated by org.testng.reporters.JUnitReportReporter -->
<testsuite hostname="DESKTOP-U5B1BD3" failures="0" tests="1" name="Assuredclass.day7_fakker" time="1.007" errors="0" timestamp="2023-04-20T15:53:44 IST" skipped="0">
  <testcase classname="Assuredclass.day7_fakker" name="fakelib" time="1.007"/>
  <system-out/>
</testsuite> <!-- Assuredclass.day7_fakker -->
