<?xml version="1.0" encoding="UTF-8"?>
<!-- Generated by org.testng.reporters.JUnitReportReporter -->
<testsuite hostname="DESKTOP-U5B1BD3" failures="0" tests="1" name="Assuredclass.day6_serialization_deserialazation" time="0.703" errors="0" timestamp="2023-04-20T13:09:22 IST" skipped="0">
  <testcase classname="Assuredclass.day6_serialization_deserialazation" name="deserialization" time="0.703"/>
  <system-out/>
</testsuite> <!-- Assuredclass.day6_serialization_deserialazation -->
