<?xml version="1.0" encoding="UTF-8"?>
<!-- Generated by org.testng.reporters.JUnitReportReporter -->
<testsuite hostname="DESKTOP-U5B1BD3" failures="0" tests="2" name="Assuredclass.day5_prasing_xml" time="5.871" errors="0" timestamp="2023-04-19T16:54:16 IST" skipped="0">
  <testcase classname="Assuredclass.day5_prasing_xml" name="xmlparsing" time="5.221"/>
  <system-out/>
  <testcase classname="Assuredclass.day5_prasing_xml" name="xmlparsing2" time="0.650"/>
  <system-out/>
</testsuite> <!-- Assuredclass.day5_prasing_xml -->
