<?xml version="1.0" encoding="UTF-8"?>
<!-- Generated by org.testng.reporters.JUnitReportReporter -->
<testsuite hostname="DESKTOP-U5B1BD3" failures="0" tests="1" name="Assuredclass.day4_prasingJSON" time="3.998" errors="0" timestamp="2023-04-19T13:10:50 IST" skipped="0">
  <testcase classname="Assuredclass.day4_prasingJSON" name="testjsonresponsedata2" time="3.998"/>
  <system-out/>
</testsuite> <!-- Assuredclass.day4_prasingJSON -->
