<?xml version="1.0" encoding="UTF-8"?>
<!-- Generated by org.testng.reporters.JUnitReportReporter -->
<testsuite hostname="DESKTOP-U5B1BD3" failures="0" tests="2" name="Assuredclass.day2" time="10.640" errors="0" timestamp="2023-04-18T17:31:39 IST" skipped="0">
  <testcase classname="Assuredclass.day2" name="external_post" time="10.045"/>
  <system-out/>
  <testcase classname="Assuredclass.day2" name="delete" time="0.595"/>
  <system-out/>
</testsuite> <!-- Assuredclass.day2 -->
