<?xml version="1.0" encoding="UTF-8"?>
<!-- Generated by org.testng.reporters.JUnitReportReporter -->
<testsuite hostname="DESKTOP-U5B1BD3" failures="0" tests="4" name="Assuredclass.day1" time="9.701" errors="0" timestamp="2023-04-19T12:45:48 IST" skipped="0">
  <testcase classname="Assuredclass.day1" name="getrequest" time="6.105"/>
  <system-out/>
  <testcase classname="Assuredclass.day1" name="posrequest" time="2.082"/>
  <system-out/>
  <testcase classname="Assuredclass.day1" name="putrequest" time="0.700"/>
  <system-out/>
  <testcase classname="Assuredclass.day1" name="deleterequest" time="0.814"/>
  <system-out/>
</testsuite> <!-- Assuredclass.day1 -->
