<?xml version="1.0" encoding="UTF-8"?>
<!-- Generated by org.testng.reporters.JUnitReportReporter -->
<testsuite hostname="DESKTOP-U5B1BD3" failures="0" tests="1" name="Assuredclass.day3Header" time="5.644" errors="0" timestamp="2023-04-19T10:54:13 IST" skipped="0">
  <testcase classname="Assuredclass.day3Header" name="header1" time="5.644"/>
  <system-out/>
</testsuite> <!-- Assuredclass.day3Header -->
